2023-06-15 16:07:50,720 [INFO] Closing down clientserver connection
2023-06-15 16:10:47,685 [INFO] Closing down clientserver connection
2023-06-15 16:12:48,789 [INFO] 281234 Number of lines in rdd:
2023-06-15 16:12:48,820 [INFO] Closing down clientserver connection
2023-06-15 16:13:45,160 [INFO]  Number of lines in rdd:281234
2023-06-15 16:13:45,191 [INFO] Closing down clientserver connection
2023-06-15 16:15:25,169 [INFO]  Number of lines in rdd:281234
2023-06-15 16:15:25,185 [INFO] Closing down clientserver connection
2023-06-15 16:17:39,119 [INFO] Closing down clientserver connection
2023-06-15 16:18:30,329 [INFO]  Number of lines in rdd:281234
2023-06-15 16:18:30,360 [INFO] Closing down clientserver connection
2023-06-15 16:19:53,816 [INFO]  Number of lines in rdd:281234
2023-06-15 16:19:53,847 [INFO] Closing down clientserver connection
2023-06-15 16:23:05,632 [INFO]  Number of lines in rdd:281234
2023-06-15 16:23:06,716 [INFO] Number of warnings: 3811
2023-06-15 16:23:06,747 [INFO] Closing down clientserver connection
2023-06-15 16:23:24,157 [INFO]  Number of lines in rdd:281234
2023-06-15 16:23:25,271 [INFO] Number of warnings in rdd : 3811
2023-06-15 16:23:25,287 [INFO] Closing down clientserver connection
2023-06-15 18:08:51,519 [INFO]  Number of lines in rdd:281234
2023-06-15 18:08:53,751 [INFO] Number of warnings in rdd : 3811
2023-06-15 18:08:53,783 [INFO] Closing down clientserver connection
2023-06-15 18:09:52,494 [INFO]  Number of lines in rdd:281234
2023-06-15 18:09:54,021 [INFO] Number of warnings in rdd : 3811
2023-06-15 18:09:54,053 [INFO] Closing down clientserver connection
2023-06-15 18:10:18,180 [INFO]  Number of lines in rdd:281234
2023-06-15 18:10:19,671 [INFO] Number of warnings in rdd : 3811
2023-06-15 18:10:23,469 [INFO] Closing down clientserver connection
2023-06-15 18:16:53,706 [INFO]  Number of lines in rdd:281234
2023-06-15 18:16:55,246 [INFO] Number of warnings in rdd : 3811
2023-06-15 18:16:56,347 [INFO] Closing down clientserver connection
2023-06-15 18:17:10,313 [INFO]  Number of lines in rdd:281234
2023-06-15 18:17:11,843 [INFO] Number of warnings in rdd : 3811
2023-06-15 18:17:12,836 [INFO] Closing down clientserver connection
2023-06-15 18:18:34,771 [INFO]  Number of lines in rdd:281234
2023-06-15 18:18:36,262 [INFO] Number of warnings in rdd : 3811
2023-06-15 18:18:39,687 [INFO] Closing down clientserver connection
2023-06-15 18:25:46,947 [INFO]  Number of lines in rdd:281234
2023-06-15 18:25:48,408 [INFO] Number of warnings in rdd : 3811
2023-06-15 18:25:51,797 [INFO] Closing down clientserver connection
2023-06-15 18:30:36,535 [INFO]  Number of lines in rdd:281234
2023-06-15 18:30:37,986 [INFO] Number of warnings in rdd : 3811
2023-06-15 18:30:41,349 [INFO] Closing down clientserver connection
2023-06-15 18:32:04,741 [INFO]  Number of lines in rdd:281234
2023-06-15 18:32:06,459 [INFO] Number of warnings in rdd : 3811
2023-06-15 18:32:10,730 [INFO] Closing down clientserver connection
2023-06-15 18:35:22,886 [INFO]  Number of lines in rdd:281234
2023-06-15 18:35:24,408 [INFO] Number of warnings in rdd : 3811
2023-06-15 18:35:27,848 [INFO] Closing down clientserver connection
2023-06-15 18:47:30,755 [INFO]  Number of lines in rdd:281234
2023-06-15 18:47:32,205 [INFO] Number of warnings in rdd : 3811
2023-06-15 18:47:35,732 [INFO] Closing down clientserver connection
2023-06-15 18:49:24,374 [INFO]  Number of lines in rdd:281234
2023-06-15 18:49:25,870 [INFO] Number of warnings in rdd : 3811
2023-06-15 18:49:32,037 [INFO] Closing down clientserver connection
2023-06-15 18:54:01,921 [INFO]  Number of lines in rdd:281234
2023-06-15 18:54:03,757 [INFO] Number of warnings in rdd : 3811
2023-06-15 18:54:08,389 [INFO] Closing down clientserver connection
2023-06-15 22:44:53,914 [INFO]  Number of lines in rdd:281234
2023-06-15 22:44:55,029 [INFO] Number of warnings in rdd : 3811
2023-06-15 22:44:57,678 [INFO] Closing down clientserver connection
2023-06-15 22:51:29,482 [INFO]  Number of lines in rdd:281234
2023-06-15 22:51:30,614 [INFO] Number of warnings in rdd : 3811
2023-06-15 22:51:33,562 [INFO] Closing down clientserver connection
2023-06-15 22:51:42,878 [INFO]  Number of lines in rdd:281234
2023-06-15 22:51:44,087 [INFO] Number of warnings in rdd : 3811
2023-06-15 22:51:46,849 [INFO] Closing down clientserver connection
2023-06-15 23:01:42,762 [INFO]  Number of lines in rdd:281234
2023-06-15 23:01:43,859 [INFO] Number of warnings in rdd : 3811
2023-06-15 23:01:46,607 [INFO] Closing down clientserver connection
2023-06-15 23:25:48,925 [INFO]  Number of lines in rdd:281234
2023-06-15 23:25:50,166 [INFO] Number of warnings in rdd : 3811
2023-06-15 23:25:52,994 [INFO] Closing down clientserver connection
2023-06-15 23:26:11,561 [INFO]  Number of lines in rdd:281234
2023-06-15 23:26:12,801 [INFO] Number of warnings in rdd : 3811
2023-06-15 23:26:15,893 [INFO] Closing down clientserver connection
2023-06-15 23:31:08,795 [INFO]  Number of lines in rdd:281234
2023-06-15 23:31:09,911 [INFO] Number of warnings in rdd : 3811
2023-06-15 23:31:13,719 [INFO] Closing down clientserver connection
2023-06-15 23:34:09,536 [INFO]  Number of lines in rdd:281234
2023-06-15 23:34:10,651 [INFO] Number of warnings in rdd : 3811
2023-06-15 23:34:13,748 [INFO] Closing down clientserver connection
2023-06-15 23:34:50,672 [INFO]  Number of lines in rdd:281234
2023-06-15 23:34:51,768 [INFO] Number of warnings in rdd : 3811
2023-06-15 23:34:54,358 [INFO] Closing down clientserver connection
2023-06-15 23:35:46,531 [INFO]  Number of lines in rdd:281234
2023-06-15 23:35:47,615 [INFO] Number of warnings in rdd : 3811
2023-06-15 23:35:50,189 [INFO] Closing down clientserver connection
2023-06-15 23:37:08,229 [INFO]  Number of lines in rdd:281234
2023-06-15 23:37:09,329 [INFO] Number of warnings in rdd : 3811
2023-06-15 23:37:12,015 [INFO] Closing down clientserver connection
2023-06-15 23:37:42,779 [INFO]  Number of lines in rdd:281234
2023-06-15 23:37:43,863 [INFO] Number of warnings in rdd : 3811
2023-06-15 23:37:47,504 [INFO] Closing down clientserver connection
2023-06-15 23:38:21,915 [INFO]  Number of lines in rdd:281234
2023-06-15 23:38:23,046 [INFO] Number of warnings in rdd : 3811
2023-06-15 23:38:26,517 [INFO] Closing down clientserver connection
2023-06-16 00:21:30,026 [INFO]  Number of lines in rdd:281234
2023-06-16 00:21:31,172 [INFO] Number of warnings in rdd : 3811
2023-06-16 00:21:35,254 [INFO] Closing down clientserver connection
2023-06-16 00:22:14,942 [INFO]  Number of lines in rdd:281234
2023-06-16 00:22:16,208 [INFO] Number of warnings in rdd : 3811
2023-06-16 00:22:21,505 [INFO] Closing down clientserver connection
2023-06-16 00:24:13,464 [INFO]  Number of lines in rdd:281234
2023-06-16 00:24:14,596 [INFO] Number of warnings in rdd : 3811
2023-06-16 00:24:14,611 [INFO] Closing down clientserver connection
2023-06-16 00:24:44,850 [INFO]  Number of lines in rdd:281234
2023-06-16 00:24:45,951 [INFO] Number of warnings in rdd : 3811
2023-06-16 00:24:47,887 [INFO] Closing down clientserver connection
2023-06-16 00:25:13,226 [INFO]  Number of lines in rdd:281234
2023-06-16 00:25:14,469 [INFO] Number of warnings in rdd : 3811
2023-06-16 00:25:18,205 [INFO] Closing down clientserver connection
2023-06-16 00:26:32,387 [INFO]  Number of lines in rdd:281234
2023-06-16 00:26:33,517 [INFO] Number of warnings in rdd : 3811
2023-06-16 00:26:37,465 [INFO] Closing down clientserver connection
2023-06-16 00:26:57,944 [INFO]  Number of lines in rdd:281234
2023-06-16 00:26:59,057 [INFO] Number of warnings in rdd : 3811
2023-06-16 00:27:03,367 [INFO] Closing down clientserver connection
2023-06-16 00:28:14,806 [INFO]  Number of lines in rdd:281234
2023-06-16 00:28:16,040 [INFO] Number of warnings in rdd : 3811
2023-06-16 00:28:21,283 [INFO] Closing down clientserver connection
2023-06-16 00:29:59,768 [INFO]  Number of lines in rdd:281234
2023-06-16 00:30:01,066 [INFO] Number of warnings in rdd : 3811
2023-06-16 00:30:05,036 [INFO] Closing down clientserver connection
2023-06-16 00:33:15,995 [INFO]  Number of lines in rdd:281234
2023-06-16 00:33:17,136 [INFO] Number of warnings in rdd : 3811
2023-06-16 00:33:20,748 [INFO] Closing down clientserver connection
2023-06-16 00:47:46,363 [INFO]  Number of lines in rdd:281234
2023-06-16 00:47:47,873 [INFO] Number of warnings in rdd : 3811
2023-06-16 00:47:52,626 [INFO] Closing down clientserver connection
2023-06-16 00:48:27,174 [INFO]  Number of lines in rdd:281234
2023-06-16 00:48:28,686 [INFO] Number of warnings in rdd : 3811
2023-06-16 00:48:32,489 [INFO] Closing down clientserver connection
2023-06-16 00:49:38,069 [INFO]  Number of lines in rdd:281234
2023-06-16 00:49:39,618 [INFO] Number of warnings in rdd : 3811
2023-06-16 00:49:44,369 [INFO] Closing down clientserver connection
2023-06-16 00:52:19,957 [INFO]  Number of lines in rdd:281234
2023-06-16 00:52:21,450 [INFO] Number of warnings in rdd : 3811
2023-06-16 00:52:25,356 [INFO] Closing down clientserver connection
2023-06-16 00:52:54,966 [INFO]  Number of lines in rdd:281234
2023-06-16 00:52:56,412 [INFO] Number of warnings in rdd : 3811
2023-06-16 00:53:01,261 [INFO] Closing down clientserver connection
2023-06-16 00:59:16,198 [INFO]  Number of lines in rdd:281234
2023-06-16 00:59:17,727 [INFO] Number of warnings in rdd : 3811
2023-06-16 00:59:22,975 [INFO] Closing down clientserver connection
2023-06-16 00:59:49,727 [INFO]  Number of lines in rdd:281234
2023-06-16 00:59:51,251 [INFO] Number of warnings in rdd : 3811
2023-06-16 00:59:56,761 [INFO] Closing down clientserver connection
2023-06-16 01:01:22,788 [INFO]  Number of lines in rdd:281234
2023-06-16 01:01:24,318 [INFO] Number of warnings in rdd : 3811
2023-06-16 01:01:29,420 [INFO] Closing down clientserver connection
2023-06-16 01:03:10,772 [INFO]  Number of lines in rdd:281234
2023-06-16 01:03:12,267 [INFO] Number of warnings in rdd : 3811
2023-06-16 01:03:18,121 [INFO] Closing down clientserver connection
2023-06-16 01:03:57,044 [INFO]  Number of lines in rdd:281234
2023-06-16 01:03:58,524 [INFO] Number of warnings in rdd : 3811
2023-06-16 01:04:04,369 [INFO] Closing down clientserver connection
2023-06-16 01:04:34,011 [INFO]  Number of lines in rdd:281234
2023-06-16 01:04:35,551 [INFO] Number of warnings in rdd : 3811
2023-06-16 01:04:46,261 [INFO] Closing down clientserver connection
2023-06-16 01:08:15,405 [INFO]  Number of lines in rdd:281234
2023-06-16 01:08:16,929 [INFO] Number of warnings in rdd : 3811
2023-06-16 01:08:22,826 [INFO] Closing down clientserver connection
2023-06-16 01:09:32,913 [INFO]  Number of lines in rdd:281234
2023-06-16 01:09:34,450 [INFO] Number of warnings in rdd : 3811
2023-06-16 01:09:39,790 [INFO] Closing down clientserver connection
2023-06-16 01:10:31,900 [INFO]  Number of lines in rdd:281234
2023-06-16 01:10:33,423 [INFO] Number of warnings in rdd : 3811
2023-06-16 01:10:38,746 [INFO] Closing down clientserver connection
2023-06-16 01:12:02,692 [INFO]  Number of lines in rdd:281234
2023-06-16 01:12:04,173 [INFO] Number of warnings in rdd : 3811
2023-06-16 01:12:09,413 [INFO] Closing down clientserver connection
2023-06-16 01:12:42,202 [INFO]  Number of lines in rdd:281234
2023-06-16 01:12:43,747 [INFO] Number of warnings in rdd : 3811
2023-06-16 01:12:49,541 [INFO] Closing down clientserver connection
2023-06-16 01:13:56,877 [INFO]  Number of lines in rdd:281234
2023-06-16 01:13:58,357 [INFO] Number of warnings in rdd : 3811
2023-06-16 01:14:03,217 [INFO] Closing down clientserver connection
2023-06-16 01:14:59,139 [INFO]  Number of lines in rdd:281234
2023-06-16 01:15:00,650 [INFO] Number of warnings in rdd : 3811
2023-06-16 01:15:05,822 [INFO] Closing down clientserver connection
2023-06-16 01:15:28,264 [INFO]  Number of lines in rdd:281234
2023-06-16 01:15:29,824 [INFO] Number of warnings in rdd : 3811
2023-06-16 01:15:35,544 [INFO] Closing down clientserver connection
2023-06-16 01:17:34,780 [INFO]  Number of lines in rdd:281234
2023-06-16 01:17:36,195 [INFO] Number of warnings in rdd : 3811
2023-06-16 01:17:41,705 [INFO] Closing down clientserver connection
2023-06-16 01:18:19,077 [INFO]  Number of lines in rdd:281234
2023-06-16 01:18:20,554 [INFO] Number of warnings in rdd : 3811
2023-06-16 01:18:25,468 [INFO] Closing down clientserver connection
2023-06-16 01:18:53,160 [INFO]  Number of lines in rdd:281234
2023-06-16 01:18:54,619 [INFO] Number of warnings in rdd : 3811
2023-06-16 01:19:00,016 [INFO] Closing down clientserver connection
2023-06-16 01:19:24,306 [INFO]  Number of lines in rdd:281234
2023-06-16 01:19:25,782 [INFO] Number of warnings in rdd : 3811
2023-06-16 01:19:31,450 [INFO] Closing down clientserver connection
2023-06-16 01:20:14,031 [INFO]  Number of lines in rdd:281234
2023-06-16 01:20:15,460 [INFO] Number of warnings in rdd : 3811
2023-06-16 01:20:21,074 [INFO] Closing down clientserver connection
2023-06-16 01:21:03,218 [INFO]  Number of lines in rdd:281234
2023-06-16 01:21:04,697 [INFO] Number of warnings in rdd : 3811
2023-06-16 01:21:10,613 [INFO] Closing down clientserver connection
2023-06-16 13:24:51,693 [INFO]  Number of lines in rdd:281234
2023-06-16 13:24:53,171 [INFO] Number of warnings in rdd : 3811
2023-06-16 13:24:59,951 [INFO] Closing down clientserver connection
2023-06-16 13:25:29,111 [INFO]  Number of lines in rdd:281234
2023-06-16 13:25:30,634 [INFO] Number of warnings in rdd : 3811
2023-06-16 13:25:36,522 [INFO] Closing down clientserver connection
2023-06-16 13:27:17,804 [INFO]  Number of lines in rdd:281234
2023-06-16 13:27:19,311 [INFO] Number of warnings in rdd : 3811
2023-06-16 13:27:25,739 [INFO] Closing down clientserver connection
2023-06-16 13:28:17,410 [INFO]  Number of lines in rdd:281234
2023-06-16 13:28:18,885 [INFO] Number of warnings in rdd : 3811
2023-06-16 13:28:25,364 [INFO] Closing down clientserver connection
2023-06-16 13:29:29,815 [INFO]  Number of lines in rdd:281234
2023-06-16 13:29:31,291 [INFO] Number of warnings in rdd : 3811
2023-06-16 13:29:37,281 [INFO] Closing down clientserver connection
2023-06-16 13:39:17,080 [INFO]  Number of lines in rdd:281234
2023-06-16 13:39:18,591 [INFO] Number of warnings in rdd : 3811
2023-06-16 13:39:21,027 [INFO] Dataframe created from rdd
2023-06-16 13:39:22,127 [INFO] Api Repositories that were processed in total
2023-06-16 13:39:23,494 [INFO] Client with most http request
2023-06-16 13:39:24,201 [INFO] Client with most failed http request
2023-06-16 13:39:24,720 [INFO] Closing down clientserver connection
2023-06-16 13:39:57,036 [INFO]  Number of lines in rdd:281234
2023-06-16 13:39:58,574 [INFO] Number of warnings in rdd : 3811
2023-06-16 13:40:00,920 [INFO] Dataframe created from rdd
2023-06-16 13:40:02,005 [INFO] Api Repositories that were processed in total
2023-06-16 13:40:03,402 [INFO] Client with most http request
2023-06-16 13:40:04,108 [INFO] Client with most failed http request
2023-06-16 13:40:04,611 [INFO] Closing down clientserver connection
2023-06-16 13:40:56,247 [INFO]  Number of lines in rdd:281234
2023-06-16 13:40:57,720 [INFO] Number of warnings in rdd : 3811
2023-06-16 13:41:00,127 [INFO] Dataframe created from rdd
2023-06-16 13:41:01,259 [INFO] Api Repositories that were processed in total
2023-06-16 13:41:02,676 [INFO] Client with most http request
2023-06-16 13:41:03,434 [INFO] Client with most failed http request
2023-06-16 13:41:04,030 [INFO] Closing down clientserver connection
2023-06-16 13:41:34,877 [INFO]  Number of lines in rdd:281234
2023-06-16 13:41:36,406 [INFO] Number of warnings in rdd : 3811
2023-06-16 13:41:38,792 [INFO] Dataframe created from rdd
2023-06-16 13:41:39,828 [INFO] Api Repositories that were processed in total
2023-06-16 13:41:41,243 [INFO] Client with most http request
2023-06-16 13:41:41,989 [INFO] Client with most failed http request
2023-06-16 13:41:42,531 [INFO] Most active repository
2023-06-16 13:41:43,050 [INFO] Closing down clientserver connection
2023-06-16 13:42:31,038 [INFO]  Number of lines in rdd:281234
2023-06-16 13:42:32,547 [INFO] Number of warnings in rdd : 3811
2023-06-16 13:42:34,953 [INFO] Dataframe created from rdd
2023-06-16 13:42:36,006 [INFO] Api Repositories that were processed in total
2023-06-16 13:42:37,420 [INFO] Client with most http request
2023-06-16 13:42:38,094 [INFO] Client with most failed http request
2023-06-16 13:42:38,659 [INFO] Most active repository
2023-06-16 13:42:39,132 [INFO] Closing down clientserver connection
2023-06-16 13:44:03,614 [INFO]  Number of lines in rdd:281234
2023-06-16 13:44:05,165 [INFO] Number of warnings in rdd : 3811
2023-06-16 13:44:07,609 [INFO] Dataframe created from rdd
2023-06-16 13:44:08,675 [INFO] Api Repositories that were processed in total
2023-06-16 13:44:10,072 [INFO] Client with most http request
2023-06-16 13:44:10,810 [INFO] Client with most failed http request
2023-06-16 13:44:11,470 [INFO] Most active repository
2023-06-16 13:44:12,208 [INFO] Closing down clientserver connection
2023-06-16 13:59:11,843 [INFO]  Number of lines in rdd:281234
2023-06-16 13:59:13,385 [INFO] Number of warnings in rdd : 3811
2023-06-16 13:59:15,743 [INFO] Dataframe created from rdd
2023-06-16 13:59:16,858 [INFO] Api Repositories that were processed in total
2023-06-16 13:59:18,292 [INFO] Client with most http request
2023-06-16 13:59:19,053 [INFO] Client with most failed http request
2023-06-16 13:59:21,257 [INFO] Most active repository
2023-06-16 13:59:21,879 [INFO] Closing down clientserver connection
2023-06-16 14:07:12,999 [INFO]  Number of lines in rdd:281234
2023-06-16 14:07:14,529 [INFO] Number of warnings in rdd : 3811
2023-06-16 14:07:16,906 [INFO] Dataframe created from rdd
2023-06-16 14:07:18,057 [INFO] Api Repositories that were processed in total
2023-06-16 14:07:19,499 [INFO] Client with most http request
2023-06-16 14:07:20,195 [INFO] Client with most failed http request
2023-06-16 14:07:20,732 [INFO] Closing down clientserver connection
2023-06-16 14:07:41,758 [INFO]  Number of lines in rdd:281234
2023-06-16 14:07:43,252 [INFO] Number of warnings in rdd : 3811
2023-06-16 14:07:45,673 [INFO] Dataframe created from rdd
2023-06-16 14:07:46,853 [INFO] Api Repositories that were processed in total
2023-06-16 14:07:48,250 [INFO] Client with most http request
2023-06-16 14:07:49,162 [INFO] Client with most failed http request
2023-06-16 14:07:51,585 [INFO] Most active repository
2023-06-16 14:07:52,230 [INFO] Closing down clientserver connection
2023-06-16 14:08:30,354 [INFO]  Number of lines in rdd:281234
2023-06-16 14:08:31,773 [INFO] Number of warnings in rdd : 3811
2023-06-16 14:08:34,181 [INFO] Dataframe created from rdd
2023-06-16 14:08:35,306 [INFO] Api Repositories that were processed in total
2023-06-16 14:08:36,767 [INFO] Client with most http request
2023-06-16 14:08:37,631 [INFO] Client with most failed http request
2023-06-16 14:08:38,559 [INFO] Closing down clientserver connection
2023-06-16 14:10:27,768 [INFO]  Number of lines in rdd:281234
2023-06-16 14:10:29,342 [INFO] Number of warnings in rdd : 3811
2023-06-16 14:10:31,892 [INFO] Dataframe created from rdd
2023-06-16 14:10:32,929 [INFO] Api Repositories that were processed in total
2023-06-16 14:10:34,343 [INFO] Client with most http request
2023-06-16 14:10:35,026 [INFO] Client with most failed http request
2023-06-16 14:10:36,826 [INFO] Most active repository
2023-06-16 14:10:37,473 [INFO] Closing down clientserver connection
2023-06-16 14:11:50,785 [INFO]  Number of lines in rdd:281234
2023-06-16 14:11:52,404 [INFO] Number of warnings in rdd : 3811
2023-06-16 14:11:54,830 [INFO] Dataframe created from rdd
2023-06-16 14:11:56,130 [INFO] Api Repositories that were processed in total
2023-06-16 14:11:57,608 [INFO] Client with most http request
2023-06-16 14:11:58,425 [INFO] Client with most failed http request
2023-06-16 14:12:00,611 [INFO] Most active repository
2023-06-16 14:12:01,223 [INFO] Closing down clientserver connection
2023-06-16 17:47:48,286 [INFO]  Number of lines in rdd:281234
2023-06-16 17:47:49,793 [INFO] Number of warnings in rdd : 3811
2023-06-16 17:47:52,266 [INFO] Dataframe created from rdd
2023-06-16 17:47:53,320 [INFO] Api Repositories that were processed in total
2023-06-16 17:47:54,912 [INFO] Client with most http request
2023-06-16 17:47:55,683 [INFO] Client with most failed http request
2023-06-16 17:47:57,886 [INFO] Most active repository
2023-06-16 17:47:58,484 [INFO] Closing down clientserver connection
2023-06-16 20:33:44,452 [INFO]  Number of lines in rdd:281234
2023-06-16 20:33:45,571 [INFO] Number of warnings in rdd : 3811
2023-06-16 20:33:47,429 [INFO] Dataframe created from rdd
2023-06-16 20:33:48,292 [INFO] Api Repositories that were processed in total
2023-06-16 20:33:49,622 [INFO] Client with most http request
2023-06-16 20:33:50,314 [INFO] Client with most failed http request
2023-06-16 20:33:50,762 [INFO] Most active repository
2023-06-16 20:33:51,177 [INFO] Closing down clientserver connection
2023-06-16 20:56:37,464 [INFO]  Number of lines in rdd:281234
2023-06-16 20:56:38,879 [INFO] Number of warnings in rdd : 3811
2023-06-16 20:56:41,001 [INFO] Dataframe created from rdd
2023-06-16 20:56:42,022 [INFO] Api Repositories that were processed in total
2023-06-16 20:56:43,595 [INFO] Client with most http request
2023-06-16 20:56:44,350 [INFO] Client with most failed http request
2023-06-16 20:56:44,885 [INFO] Most active repository
2023-06-16 20:56:45,357 [INFO] Closing down clientserver connection
2023-06-16 21:45:29,864 [INFO]  Number of lines in rdd:281234
2023-06-16 21:45:31,359 [INFO] Number of warnings in rdd : 3811
2023-06-16 21:45:33,764 [INFO] Dataframe created from rdd
2023-06-16 21:45:34,849 [INFO] Api Repositories that were processed in total
2023-06-16 21:45:37,049 [INFO] Client with most http request
2023-06-16 21:45:38,529 [INFO] Client with most failed http request
2023-06-16 21:45:39,788 [INFO] Most active repository
2023-06-16 21:45:40,905 [INFO] Closing down clientserver connection
2023-06-16 22:03:48,202 [INFO]  Number of lines in rdd:281234
2023-06-16 22:03:49,691 [INFO] Number of warnings in rdd : 3811
2023-06-16 22:03:52,168 [INFO] Dataframe created from rdd
2023-06-16 22:03:53,611 [INFO] Api Repositories that were processed in total
2023-06-16 22:03:55,557 [INFO] Client with most http request
2023-06-16 22:03:56,556 [INFO] Client with most failed http request
2023-06-16 22:03:57,209 [INFO] Most active repository
2023-06-16 22:03:57,869 [INFO] Closing down clientserver connection
2023-06-16 22:15:03,949 [INFO]  Number of lines in rdd:281234
2023-06-16 22:15:05,493 [INFO] Number of warnings in rdd : 3811
2023-06-16 22:15:07,870 [INFO] Dataframe created from rdd
2023-06-16 22:15:09,176 [INFO] Api Repositories that were processed in total
2023-06-16 22:15:10,625 [INFO] Client with most http request
2023-06-16 22:15:11,525 [INFO] Client with most failed http request
2023-06-16 22:15:12,252 [INFO] Most active repository
2023-06-16 22:15:12,946 [INFO] Closing down clientserver connection
